<?xml version="1.0" encoding="UTF-8"?>
<!-- Generated by org.testng.reporters.JUnitReportReporter -->
<testsuite hostname="DESKTOP-EVK9GMC" failures="0" tests="1" name="testNg.Test0" time="0.028" errors="0" timestamp="2020-12-28T15:08:38 IST" skipped="0">
  <testcase classname="testNg.Test0" name="demo" time="0.028"/>
</testsuite> <!-- testNg.Test0 -->
