<?xml version="1.0" encoding="UTF-8"?>
<!-- Generated by org.testng.reporters.JUnitReportReporter -->
<testsuite hostname="DESKTOP-EVK9GMC" failures="0" tests="5" name="testNg.Whatsup" time="0.052" errors="0" timestamp="2020-12-28T15:23:24 IST" skipped="1">
  <testcase classname="testNg.Whatsup" name="calls" time="0.029"/>
  <testcase classname="testNg.Whatsup" name="calls" time="0.008"/>
  <testcase classname="testNg.Whatsup" name="chats" time="0.005"/>
  <testcase classname="testNg.Whatsup" name="calls" time="0.010"/>
  <testcase classname="testNg.Whatsup" name="settings">
    <skipped/>
  </testcase> <!-- settings -->
</testsuite> <!-- testNg.Whatsup -->
