<?xml version="1.0" encoding="UTF-8"?>
<!-- Generated by org.testng.reporters.JUnitReportReporter -->
<testsuite hostname="DESKTOP-EVK9GMC" failures="0" tests="1" name="pom.Testcase2" time="96.484" errors="0" timestamp="2020-12-28T15:59:02 IST" skipped="0">
  <testcase classname="pom.Testcase2" name="testcase2" time="96.484"/>
</testsuite> <!-- pom.Testcase2 -->
